
              1          10000        5.14254        7.62825         0.8161
        1.07227          10000        5.05028        12.4424         0.8153
        1.14976          10000        5.01135        11.0261         0.8053
        1.23285          10000        5.27131        8.85732         0.7965
        1.32194          10000        4.84948        6.94975         0.7792
        1.41747          10000        5.33061        9.56228         0.7532
        1.51991          10000        4.86822        5.92146         0.7458
        1.62975          10000        4.69068         7.3308         0.7331
        1.74753          10000        4.53412        7.72172         0.7058
        1.87382          10000        4.17828        7.84205         0.6955
        2.00923          10000         4.5321        6.61523         0.6842
        2.15443          10000          4.044        10.6632         0.6697
        2.31013          10000        4.70901          5.754         0.6495
        2.47708          10000        4.33014        7.17323         0.6274
        2.65609          10000        3.58983        6.52856         0.6184
        2.84804          10000        3.95941        8.69579         0.5868
        3.05386          10000        3.69553        5.78042         0.5651
        3.27455          10000        3.64482        6.99829           0.55
        3.51119          10000        3.98614        5.11728         0.5385
        3.76494          10000         3.0269        3.70796         0.5286
        4.03702          10000        2.91578        6.47388         0.5083
        4.32876          10000        3.30465        5.85365         0.4869
        4.64159          10000        3.24217        3.93524         0.4768
        4.97702          10000        2.92733        3.98604         0.4608
         5.3367          10000        2.84943        4.90748          0.448
        5.72237          10000        2.93357         4.2916         0.4392
        6.13591          10000         2.0406        3.92349          0.422
        6.57933          10000         2.5525        5.05336           0.43
         7.0548          10000        2.39038        3.87746         0.4101
        7.56463          10000        1.80683        2.96965         0.4105
        8.11131          10000        1.87245        2.52853          0.389
        8.69749          10000        1.80854        2.32013         0.3933
        9.32603          10000        2.01428        3.65796         0.3816
             10          10000        1.64953        3.02089         0.3726
        10.7227          10000        2.10877        2.96088         0.3704
        11.4976          10000        1.66472        2.76233         0.3647
        12.3285          10000        1.77253        2.40658         0.3583
        13.2194          10000        1.53437        3.24901         0.3569
        14.1747          10000        1.71788         2.3275         0.3585
        15.1991          10000        1.21044        1.89559         0.3401
        16.2975          10000        1.31461        2.02031         0.3463
        17.4753          10000         1.5206        1.97069         0.3323
        18.7382          10000        1.34975        1.68078         0.3426
        20.0923          10000        1.19196         2.4014         0.3471
        21.5443          10000        1.54015        1.79336         0.3366
        23.1013          10000        1.45295        1.62411         0.3286
        24.7708          10000        1.20968        1.30615         0.3381
        26.5609          10000         1.1993        1.22606         0.3336
        28.4804          10000        1.14222        1.14222          0.328
        30.5386          10000       0.966438        1.21805         0.3271
        32.7455          10000        1.05642        1.32389         0.3353
        35.1119          10000        1.19969        1.48154         0.3271
        37.6494          10000         1.2175        1.22602          0.333
        40.3702          10000        1.15111        1.23454         0.3268
        43.2876          10000        1.06829        1.21382         0.3157
        46.4159          10000        1.16819        1.20005         0.3231
        49.7702          10000        1.15559        1.28402         0.3152
         53.367          10000        1.09672        1.15781         0.3184
        57.2237          10000        1.08115        1.09253           0.32
        61.3591          10000        1.01078        1.06326           0.32
        65.7933          10000        1.01094        1.04386         0.3191
         70.548          10000        1.00763        1.02274         0.3088
        75.6463          10000        1.02054        1.08815          0.318
        81.1131          10000       0.929955       0.931384         0.3081
        86.9749          10000       0.931384       0.993553         0.3183
        93.2603          10000       0.948813       0.991812         0.3205
            100          10000       0.916836       0.929654         0.3125
        107.227          10000       0.917296       0.917296         0.3104
        114.976          10000       0.917296       0.958424         0.3125
        123.285          10000       0.916836       0.932498         0.3091
        132.194          10000       0.917627       0.920514         0.3199
        141.747          10000       0.916836       0.944702          0.304
        151.991          10000       0.916836       0.922813         0.3045
        162.975          10000       0.916836       0.920514         0.3089
        174.753          10000       0.916836       0.954084         0.3092
        187.382          10000       0.916836       0.922577         0.3111
        200.923          10000       0.916836       0.916836         0.3178
        215.443          10000       0.916836       0.921305         0.3052
        231.013          10000       0.916836       0.916836         0.3034
        247.708          10000       0.916836       0.920514         0.3094
        265.609          10000       0.916836       0.917627         0.3138
        284.804          10000       0.916836       0.921305         0.3119
        305.386          10000       0.916836       0.917296         0.3109
        327.455          10000       0.916836       0.923604         0.3094
        351.119          10000       0.916836       0.916836         0.3079
        376.494          10000       0.916836       0.920514         0.3061
        403.702          10000       0.916836       0.917296         0.3013
        432.876          10000       0.916836       0.922352         0.3076
        464.159          10000       0.917627       0.918088         0.3107
        497.702          10000       0.916836       0.916836         0.3083
         533.67          10000       0.916836       0.918088         0.3054
        572.237          10000       0.916836       0.917296         0.3066
        613.591          10000       0.916836       0.917296         0.3031
        657.933          10000       0.916836       0.916836         0.3166
         705.48          10000       0.916836       0.916836         0.3064
        756.463          10000       0.916836       0.917627         0.3075
        811.131          10000       0.916836       0.916836         0.3054
        869.749          10000       0.916836       0.922352         0.3127
        932.603          10000       0.916836       0.916836         0.3134
           1000          10000       0.916836       0.917296          0.298
