1.50766 0
1.50723 0.000432635
1.50576 0.00148449
1.50001 0.00585136
1.50161 0.00480588
1.50387 0.00452811
1.50597 0.00436504
1.50541 0.00382144
1.50573 0.00338619
1.50497 0.00312456
1.50383 0.00304552
1.50341 0.0028123
1.50416 0.00269453
1.50418 0.00249475
1.50444 0.00233663
1.50469 0.00219959
1.50445 0.00207933
1.50511 0.00206664
1.5033 0.00266353
1.50297 0.00254779
1.50153 0.00282249
1.50083 0.00278038
1.50036 0.00269763
1.50059 0.00259272
1.50013 0.00252852
1.50033 0.00243772
1.50073 0.00237909
1.50101 0.00230952
1.50092 0.00223007
1.50055 0.00218701
1.50083 0.00213481
1.50055 0.00208674
1.50112 0.00210271
1.50146 0.00206676
1.50174 0.0020274
1.50133 0.00201387
1.50136 0.00195899
1.50156 0.00191727
1.50122 0.00189912
1.50134 0.00185534
1.50134 0.00180954
1.5014 0.00176715
1.50108 0.00175554
1.50125 0.0017236
1.5011 0.00169161
1.50109 0.00165444
1.50147 0.00166276
1.50153 0.00162895
1.5016 0.00159677
1.50137 0.00158104
1.50166 0.00157657
1.50139 0.00156873
1.50106 0.00157371
1.50069 0.00158927
1.50068 0.00156015
1.50038 0.00156084
1.50024 0.00153902
1.50047 0.00152852
1.50047 0.00150241
1.50052 0.00147784
1.50025 0.00147733
1.50037 0.00145758
1.50049 0.00143946
1.50048 0.00141683
1.50038 0.00139845
1.50026 0.00138246
1.50015 0.0013658
1.5001 0.00134635
1.49994 0.0013365
1.49998 0.00131777
1.49984 0.00130629
1.49989 0.00128877
1.49964 0.00129511
1.4998 0.00128754
1.49988 0.00127271
1.49975 0.00126215
1.49979 0.0012464
1.4998 0.00123033
1.49966 0.00122324
1.49954 0.00121385
1.49954 0.00119877
1.49929 0.00120971
1.49916 0.00120223
1.49924 0.00119099
1.49935 0.00118184
1.49899 0.00122328
1.49913 0.00121717
1.49893 0.00121873
1.49892 0.0012051
1.49877 0.00120106
1.49877 0.00118779
1.499 0.00119704
1.49904 0.00118497
1.49888 0.00118345
1.49889 0.00117095
1.49895 0.00116043
1.49893 0.00114863
1.49911 0.00115095
1.49911 0.00113928
1.49921 0.00113215
