5.02758 0
5.03626 0.00867091
5.0251 0.0122288
5.01257 0.0152252
5.00908 0.0122986
5.01182 0.0104095
5.01473 0.00926518
5.01333 0.00814451
5.01442 0.00726513
5.01321 0.0066094
5.00909 0.00726447
5.00893 0.00663343
5.00831 0.00613272
5.00527 0.00644154
5.00202 0.00682163
5.0049 0.00700325
5.00402 0.00663821
5.00364 0.00627005
5.00182 0.00620243
5.0001 0.00613017
4.99896 0.00594254
4.99689 0.00602938
4.99665 0.00576656
4.99587 0.00557542
4.99501 0.00541638
4.99537 0.00521621
4.99763 0.00550431
4.99838 0.0053566
4.99686 0.00538774
4.99711 0.00521131
4.9974 0.00504894
4.99749 0.0048894
4.99875 0.00490373
4.99999 0.0049156
5.0003 0.00478318
4.99895 0.00484029
4.99841 0.00473904
5.00025 0.00496552
4.99946 0.00490035
4.99849 0.00487271
4.99814 0.00476515
4.99873 0.00468732
4.99779 0.00467302
4.99869 0.00465401
4.99785 0.00462719
4.99972 0.00489866
4.99965 0.00479391
4.99944 0.00469735
5.00056 0.00473402
5.001 0.0046594
5.00126 0.00457426
5.00154 0.00449444
5.00116 0.00442541
5.00018 0.00445139
4.99991 0.00437799
5.0003 0.00431676
5.00007 0.00424697
4.99994 0.00417503
4.99979 0.00410621
5.00004 0.00404455
4.99951 0.00401281
4.99915 0.00396395
4.99888 0.00390948
4.99839 0.00387988
4.99833 0.00382012
4.99749 0.00385452
4.99675 0.00386897
4.99657 0.00381589
4.99604 0.00379677
4.99603 0.00374214
4.9961 0.00368964
4.99627 0.0036422
4.9963 0.00359205
4.99589 0.00356689
4.99578 0.00352074
4.99601 0.00348161
4.9952 0.00352871
4.99539 0.00348794
4.99532 0.00344414
4.99475 0.00344857
4.99484 0.00340706
4.99506 0.00337226
4.9952 0.00333447
4.99573 0.00333664
4.9957 0.00329733
4.99505 0.0033216
4.99517 0.00328541
4.99495 0.00325597
4.99495 0.00321918
4.99454 0.00321003
4.99443 0.00317639
4.9951 0.00321318
4.99475 0.00319813
4.99464 0.00316574
4.99506 0.0031607
4.99525 0.00313309
4.99522 0.00310075
4.99526 0.00306923
4.99539 0.00304083
4.99598 0.00306661
