1.50121 0
1.49871 0.00249982
1.49746 0.00190759
1.49626 0.00180708
1.49465 0.00212948
1.49834 0.00407047
1.49864 0.00345376
1.4969 0.00346139
1.4992 0.0038242
1.49774 0.00371877
1.498 0.0033738
1.49909 0.00326575
1.49918 0.00300542
1.49797 0.00303571
1.49609 0.00339285
1.496 0.00317495
1.49811 0.00365243
1.49789 0.00345037
1.49829 0.00328752
1.49849 0.00312558
1.49785 0.00304116
1.49806 0.00290733
1.4983 0.00278831
1.49771 0.00273534
1.49729 0.00265712
1.49712 0.00255812
1.49648 0.00254342
1.49668 0.00245924
1.49646 0.00238312
1.49623 0.00231432
1.49669 0.00228563
1.49701 0.00223529
1.49627 0.00228746
1.49618 0.0022211
1.49692 0.00227929
1.49691 0.00221507
1.49712 0.00216405
1.49755 0.00215023
1.49729 0.00211114
1.49757 0.00207769
1.49743 0.00203109
1.49762 0.00199056
1.49778 0.00195083
1.49789 0.00190868
1.49835 0.00192325
1.49859 0.00189614
1.49901 0.00190103
1.49887 0.00186578
1.49935 0.00188803
1.49923 0.00185371
1.49847 0.00196702
1.49875 0.00194879
1.49831 0.00196291
1.49834 0.00192655
1.49843 0.00189331
1.49845 0.0018593
1.49809 0.00186269
1.49794 0.00183606
1.49764 0.00182981
1.49761 0.00179925
1.49746 0.00177598
1.49781 0.00178126
1.49786 0.00175343
1.49784 0.00172588
1.49785 0.00169913
1.49826 0.00172276
1.49818 0.00169868
1.49795 0.00168937
1.49771 0.00168101
1.49818 0.00172157
1.49789 0.00172144
1.49779 0.00170046
1.49784 0.00167772
1.49784 0.00165489
1.49811 0.00165563
1.49835 0.001651
1.49834 0.00162944
1.4982 0.00161462
1.49807 0.00159943
1.4981 0.00157953
1.4983 0.00157355
1.49856 0.00157455
1.49865 0.00155819
1.49873 0.00154167
1.49851 0.00153946
1.49841 0.00152462
1.4985 0.00150979
1.49848 0.00149264
1.49864 0.00148416
1.49858 0.00146865
1.49853 0.00145357
1.4984 0.00144285
1.49878 0.00147607
1.49887 0.00146285
1.49888 0.00144744
1.49899 0.00143646
1.49918 0.00143345
1.4992 0.00141892
1.49928 0.00140661
1.49956 0.00142175
