5.01959 0
4.97743 0.0421631
4.97974 0.0244522
4.98201 0.0174381
4.97795 0.0141042
4.98578 0.0139298
4.98627 0.0117828
4.98532 0.0102482
4.98938 0.00990769
4.98914 0.00886483
4.99319 0.00898199
4.99539 0.00849039
4.99624 0.00785548
4.99721 0.00733744
4.99655 0.00686302
4.9978 0.00654115
5.00407 0.00877585
5.00077 0.00890629
5.00311 0.00874237
5.00474 0.00845287
5.00525 0.00805665
5.00304 0.00799268
5.00182 0.00773411
5.00171 0.00740568
5.0007 0.00717538
5.00157 0.00694843
5.00117 0.00669812
5.00262 0.00661563
5.00329 0.00641921
5.0023 0.00628087
5.00252 0.00607902
5.00283 0.00589412
5.00149 0.00586769
5.0004 0.00579597
5.00312 0.00624873
5.0023 0.00612803
5.00105 0.00608982
5.00031 0.00597273
5.00056 0.00582293
5.00116 0.00570694
5.00049 0.00560559
5.00108 0.00550162
5.00054 0.00539929
5.00049 0.00527536
5.00059 0.00515774
5.00068 0.00504509
5.00156 0.00501478
5.00213 0.00494271
5.00222 0.00484161
5.0013 0.0048323
4.9998 0.00496801
4.99996 0.00487398
4.99921 0.00483975
4.99883 0.00476391
4.99875 0.00467714
4.99827 0.00461839
4.99806 0.00454139
4.99731 0.00452574
4.99684 0.00447302
4.99735 0.00442712
4.99738 0.00435409
4.99705 0.00429626
4.99719 0.00422988
4.99657 0.00421
4.99594 0.00419233
4.99701 0.0042668
4.9969 0.00420418
4.99714 0.00414868
4.99691 0.00409446
4.99715 0.00404256
4.9968 0.00400025
4.99637 0.00396775
4.99617 0.00391805
4.9962 0.00386486
4.99677 0.00385559
4.99753 0.0038797
4.99723 0.00384119
4.99737 0.00379441
4.9967 0.00380685
4.99668 0.003759
4.99722 0.0037521
4.99726 0.00370631
4.99763 0.00367934
4.99735 0.00364557
4.99636 0.00373804
4.99624 0.00369625
4.99625 0.00365354
4.99656 0.00362492
4.99722 0.00364474
4.99735 0.00360635
4.99751 0.00357
4.99775 0.00353936
4.99891 0.00368693
4.99879 0.00364934
4.99841 0.00363029
4.99839 0.00359237
4.99866 0.00356587
4.99832 0.00354565
4.99827 0.00351008
4.9983 0.00347496
