loss: 1.11753
       0.268575       0.346685
        0.45049       0.347205
       0.494397       0.408475
       0.593432       0.427371
       0.750591       0.317338
       0.720089       0.111102
       0.753792        0.11078
       0.806148       0.388343
        0.86679       0.389466
       0.976163       0.324969
       0.946621       0.489726
       0.878559       0.869445
       0.932727       0.996417
        0.74758       0.875329
       0.680579       0.671733
       0.666693       0.958667
       0.508729       0.928678
       0.412349       0.997311
       0.369881       0.878653
       0.279756       0.965454
       0.249694       0.970221
       0.185639       0.961836
       0.122886       0.961434
      0.0651918       0.667374
       0.113753       0.635694
       0.230101       0.690538
        0.25218        0.66512
       0.247735       0.497643
     0.00153818       0.421873
      0.0825063      0.0521263
       0.200392      0.0614356
       0.315412       0.291378
       0.268575       0.346685
