107.098
86.13
83.11
87.336
108.2
95.186
90.166
69.138
122.278
78.004
81.332
86.998
99.462
98.782
87.78
108.468
115.336
95.854
96.48
97.93
84.066
106.986
119.714
99.908
96.228
75.726
123.906
111.3
84.186
111.43
107.308
110.052
83.898
147.076
94.606
80.62
83.57
94.512
78.394
113.636
79.67
107.932
106.532
83.244
80.122
77.44
90.116
85.07
130.206
111.436
82.47
104.738
76.582
107.742
72.062
93.974
134.404
106.656
89.57
111.282
86.212
125.976
87.89
93.688
102.894
94.176
98.288
93.566
106.39
70.576
105.44
121.902
107.566
74.406
106.762
108.92
91.242
84.72
111.228
104.318
90.008
99.74
108.428
90.774
100.404
111.106
81.128
99.764
79.476
94.28
102.056
133.432
90.2
94.698
88.032
103.278
111.894
102.434
92.244
108.752
