0.504881 0
0.497025 0.00785565
0.498832 0.00488201
0.495405 0.00486436
0.497465 0.00429459
0.500116 0.0043953
0.500304 0.0037195
0.500821 0.00326241
0.501375 0.00293005
0.50016 0.00288868
0.498974 0.00286963
0.499097 0.00262246
0.498226 0.0025646
0.498135 0.0023761
0.497636 0.0022676
0.497263 0.00215369
0.497736 0.00207755
0.498142 0.00200033
0.498468 0.00192007
0.49854 0.00182295
0.49916 0.00184168
0.498999 0.00176333
0.498339 0.00180963
0.498007 0.00176423
0.497421 0.00179055
0.49746 0.00172073
0.497588 0.00166073
0.497939 0.00163843
0.498036 0.0015839
0.498646 0.00164741
0.498536 0.00159718
0.498804 0.00156946
0.498941 0.00152735
0.499142 0.0014952
0.499085 0.00145295
0.499194 0.00141623
0.499494 0.00140957
0.499223 0.00139849
0.499364 0.00136945
0.499607 0.00135669
0.499611 0.00132319
0.499668 0.00129256
0.499812 0.00127042
0.499811 0.00124121
0.499756 0.00121458
0.499485 0.00121842
0.498998 0.00128775
0.499206 0.00127777
0.498763 0.00132775
0.498701 0.00130236
0.498813 0.00128145
0.498908 0.00126017
0.498878 0.00123654
0.499153 0.00124433
0.499089 0.00122317
0.498947 0.00120952
0.498833 0.00119359
0.498971 0.00118095
0.498843 0.00116779
0.499148 0.00118793
0.499503 0.00122099
0.499588 0.00120412
0.499642 0.00118611
0.499681 0.00116809
0.499822 0.00115859
0.499627 0.00115745
0.499634 0.00114007
0.499683 0.00112423
0.49958 0.00111261
0.499534 0.00109756
0.499574 0.00108272
0.499834 0.00109872
0.499713 0.00109029
0.499608 0.00108057
0.499586 0.00106629
0.499634 0.00105325
0.499398 0.0010659
0.49935 0.00105325
0.499467 0.00104638
0.499387 0.00103629
0.499399 0.00102348
0.499555 0.00102289
0.499704 0.00102138
0.499634 0.00101152
0.499703 0.00100191
0.499724 0.0009904
0.499819 0.000983547
0.499861 0.000973244
0.499754 0.000968188
0.499817 0.000959438
0.499996 0.000965536
0.500124 0.000963489
0.500107 0.000953216
0.50022 0.000949691
0.500145 0.000942571
0.500124 0.000932944
0.500159 0.000923937
0.500185 0.000914837
0.500284 0.000910965
0.500396 0.000908674
