0.0829689 0
0.0841349 0.00116602
0.0817199 0.00250703
0.0821602 0.00182658
0.0832072 0.00176018
0.0832751 0.00143878
0.0836556 0.00127413
0.0837463 0.00110715
0.0840333 0.00101772
0.083405 0.00110606
0.0832872 0.00100738
0.0833133 0.000919974
0.0834238 0.000853439
0.0837081 0.000839733
0.0837326 0.000782133
0.0835061 0.000765894
0.083451 0.000721538
0.0836816 0.000718291
0.0836338 0.000681114
0.0836436 0.000646235
0.0836416 0.000614696
0.0837137 0.00059051
0.0838465 0.000579671
0.0838483 0.000554995
0.0838233 0.000532921
0.0837635 0.000515496
0.0836994 0.000500159
0.0836614 0.00048346
0.0835241 0.000486275
0.0834276 0.000479602
0.0834657 0.00046544
0.0834742 0.000450739
0.0834787 0.00043689
0.0835408 0.000428376
0.0834309 0.000430244
0.0833967 0.000419516
0.0834427 0.000410606
0.0834797 0.000401362
0.0836244 0.000416865
0.0836362 0.000406479
0.0835715 0.000401675
0.083473 0.000404179
0.083542 0.000400644
0.0835397 0.00039144
0.0836475 0.000397532
0.0836024 0.000391395
0.0836518 0.000386146
0.0836027 0.000381187
0.0836199 0.000373724
0.083617 0.000366185
0.0836567 0.000361121
0.0836457 0.00035428
0.0836353 0.000347686
0.0836627 0.000342286
0.0836049 0.000340937
0.0836388 0.000336501
0.0837135 0.000338882
0.0836097 0.000348793
0.0835164 0.000355305
0.0835607 0.000352137
0.0836188 0.000351145
0.0836602 0.000347906
0.0836065 0.000346519
0.0835975 0.00034118
0.0835649 0.000337474
0.0835265 0.000334534
0.08357 0.000332363
0.0836034 0.000329138
0.0836224 0.000324892
0.0837135 0.000332916
0.0837267 0.00032846
0.0837278 0.000323867
0.0837167 0.000319593
0.0837085 0.00031535
0.0837336 0.000312126
0.0837169 0.000308442
0.0836828 0.000306323
0.0836381 0.00030565
0.0836257 0.000302011
0.0836031 0.000299064
0.0836177 0.000295707
0.0836543 0.000294361
0.083661 0.00029087
0.0836689 0.000287498
0.0836802 0.000284319
0.0837306 0.000285479
0.0837318 0.000282181
0.0837236 0.000279074
0.0836873 0.000278305
0.0836986 0.000275429
0.0837316 0.000274377
0.0837501 0.000272004
0.0837223 0.000270494
0.0836794 0.000271012
0.0836335 0.000272044
0.0836762 0.000272554
0.0836843 0.000269852
0.0836566 0.000268516
0.083616 0.000268873
0.0835836 0.000268133
