       0.798       0.614   -0.445354   -0.445354           0
       0.798       0.614     -0.4459   -0.445627 0.000273052
       0.798       0.614   -0.442809   -0.444688 0.000952666
       0.798       0.614   -0.441001   -0.443766  0.00114166
       0.798       0.614   -0.447942   -0.444601  0.00121639
       0.798       0.614   -0.446561   -0.444928  0.00104554
       0.798       0.614    -0.44633   -0.445128 0.000906048
       0.798       0.614   -0.447407   -0.445413 0.000834772
       0.798       0.614   -0.443671   -0.445219 0.000761229
       0.798       0.614    -0.44884   -0.445581 0.000771148
       0.798       0.614   -0.446761   -0.445689 0.000705727
       0.798       0.614   -0.445116   -0.445641 0.000646003
       0.798       0.614   -0.446228   -0.445686  0.00059595
       0.798       0.614   -0.443245   -0.445512 0.000578633
       0.798       0.614   -0.441032   -0.445213 0.000615915
       0.798       0.614   -0.447297   -0.445343 0.000590674
       0.798       0.614   -0.450774   -0.445663 0.000640225
       0.798       0.614   -0.446981   -0.445736 0.000608038
       0.798       0.614   -0.449136   -0.445915 0.000602348
       0.798       0.614   -0.446488   -0.445944 0.000572156
       0.798       0.614   -0.446089   -0.445951 0.000544273
       0.798       0.614   -0.439926   -0.445677 0.000586764
       0.798       0.614   -0.440585   -0.445455 0.000602797
       0.798       0.614   -0.443883    -0.44539 0.000580843
       0.798       0.614   -0.445973   -0.445413 0.000557613
       0.798       0.614   -0.444042    -0.44536 0.000538326
       0.798       0.614    -0.44886    -0.44549 0.000533978
       0.798       0.614   -0.447184   -0.445551 0.000518096
       0.798       0.614   -0.446139   -0.445571 0.000500323
       0.798       0.614    -0.44564   -0.445573 0.000483364
       0.798       0.614   -0.444086   -0.445525 0.000469965
       0.798       0.614     -0.4429   -0.445443 0.000462376
       0.798       0.614   -0.441161   -0.445313 0.000466553
       0.798       0.614   -0.446916   -0.445361  0.00045507
       0.798       0.614   -0.441027   -0.445237 0.000458897
       0.798       0.614   -0.442307   -0.445155 0.000453332
       0.798       0.614   -0.442694   -0.445089 0.000445898
       0.798       0.614   -0.444542   -0.445074 0.000434244
       0.798       0.614   -0.441678   -0.444987 0.000431837
       0.798       0.614    -0.44764   -0.445054 0.000426097
       0.798       0.614   -0.440307   -0.444938 0.000431397
       0.798       0.614   -0.442241   -0.444874 0.000425869
       0.798       0.614    -0.44991   -0.444991 0.000432029
       0.798       0.614   -0.447367   -0.445045 0.000425536
       0.798       0.614    -0.44627   -0.445072 0.000416862
       0.798       0.614   -0.438346   -0.444926  0.00043313
       0.798       0.614   -0.443119   -0.444887 0.000425554
       0.798       0.614   -0.443711   -0.444863 0.000417315
       0.798       0.614   -0.443517   -0.444835 0.000409632
       0.798       0.614   -0.439848   -0.444736 0.000413563
       0.798       0.614   -0.444656   -0.444734 0.000405375
       0.798       0.614    -0.44159   -0.444674 0.000402074
       0.798       0.614   -0.440327   -0.444592 0.000402853
       0.798       0.614   -0.444505    -0.44459 0.000395326
       0.798       0.614   -0.442989   -0.444561 0.000389162
       0.798       0.614   -0.444505    -0.44456 0.000382151
       0.798       0.614   -0.447351   -0.444609 0.000378566
       0.798       0.614   -0.440259   -0.444534 0.000379466
       0.798       0.614   -0.445678   -0.444553 0.000373483
       0.798       0.614   -0.439582    -0.44447 0.000376437
       0.798       0.614   -0.444768   -0.444475 0.000370247
       0.798       0.614   -0.446171   -0.444503 0.000365251
       0.798       0.614   -0.444399   -0.444501  0.00035941
       0.798       0.614    -0.44574    -0.44452 0.000354279
       0.798       0.614   -0.442084   -0.444483 0.000350795
       0.798       0.614     -0.4469    -0.44452 0.000347375
       0.798       0.614    -0.44556   -0.444535 0.000342503
       0.798       0.614   -0.443698   -0.444523 0.000337653
       0.798       0.614   -0.446615   -0.444553 0.000334103
       0.798       0.614   -0.441969   -0.444516 0.000331359
       0.798       0.614   -0.442883   -0.444493 0.000327468
       0.798       0.614   -0.441734   -0.444455 0.000325153
       0.798       0.614   -0.443923   -0.444448 0.000320751
       0.798       0.614    -0.43903   -0.444374 0.000324747
       0.798       0.614   -0.443992   -0.444369 0.000320428
       0.798       0.614   -0.442809   -0.444349 0.000316849
       0.798       0.614   -0.444368   -0.444349 0.000312707
       0.798       0.614   -0.443809   -0.444342  0.00030875
       0.798       0.614   -0.445258   -0.444354 0.000305037
       0.798       0.614   -0.447675   -0.444395 0.000304049
       0.798       0.614   -0.443794   -0.444388 0.000300363
       0.798       0.614   -0.444247   -0.444386 0.000296682
       0.798       0.614   -0.446706   -0.444414 0.000294417
       0.798       0.614   -0.440274   -0.444365 0.000295036
       0.798       0.614    -0.44321   -0.444351 0.000291861
       0.798       0.614   -0.443677   -0.444343 0.000288553
       0.798       0.614   -0.444635   -0.444347 0.000285237
       0.798       0.614   -0.449243   -0.444402 0.000287413
       0.798       0.614   -0.447315   -0.444435 0.000286044
       0.798       0.614   -0.447275   -0.444467 0.000284603
       0.798       0.614    -0.44319   -0.444452 0.000281808
       0.798       0.614   -0.446736   -0.444477 0.000279831
       0.798       0.614   -0.443802    -0.44447 0.000276901
       0.798       0.614   -0.446195   -0.444488 0.000274553
       0.798       0.614   -0.449301   -0.444539 0.000276331
       0.798       0.614   -0.438364   -0.444475 0.000280902
       0.798       0.614   -0.444674   -0.444477 0.000277999
       0.798       0.614   -0.443965   -0.444472 0.000275197
       0.798       0.614   -0.446056   -0.444488 0.000272873
       0.798       0.614   -0.444646   -0.444489 0.000270135
