
              1          10000         11.162        16.7863         0.4393
        1.07227          10000         10.127        20.1115         0.4216
        1.14976          10000        7.54461        24.4912         0.4233
        1.23285          10000        8.76874        21.7976         0.3996
        1.32194          10000        9.36293        17.6794         0.3928
        1.41747          10000        7.68248        20.4563         0.3872
        1.51991          10000        7.57654        11.5558         0.3873
        1.62975          10000        4.82739         19.456         0.3874
        1.74753          10000        5.61053        12.9467           0.39
        1.87382          10000        7.57411        15.5971         0.3801
        2.00923          10000        6.76134         11.175         0.3669
        2.15443          10000        7.00526        13.2326         0.3614
        2.31013          10000        5.45574        10.0661         0.3636
        2.47708          10000        6.49908        9.09785          0.361
        2.65609          10000        4.78769        6.12446         0.3674
        2.84804          10000        3.37964        4.24656         0.3518
        3.05386          10000        3.70774        7.86121         0.3516
        3.27455          10000        2.93724        4.03816         0.3563
        3.51119          10000        3.29174          4.897         0.3489
        3.76494          10000        3.03228        5.20546          0.351
        4.03702          10000        2.56954        5.28793         0.3461
        4.32876          10000        2.94511        4.02844         0.3497
        4.64159          10000        2.87034        4.12787         0.3395
        4.97702          10000        2.43679        4.39503         0.3417
         5.3367          10000        2.76417        3.90721         0.3384
        5.72237          10000        2.73553        3.30937          0.341
        6.13591          10000        2.53439        3.71526         0.3377
        6.57933          10000        2.50813        3.35917         0.3427
         7.0548          10000        2.26341        2.95399         0.3351
        7.56463          10000        2.26099        2.72763         0.3403
        8.11131          10000        2.51289        3.55488         0.3246
        8.69749          10000        2.33723        3.60236         0.3377
        9.32603          10000        2.28109        3.74997         0.3366
             10          10000        2.33651         3.2232         0.3274
        10.7227          10000        2.30797        2.45813         0.3248
        11.4976          10000        2.24545         2.6989         0.3283
        12.3285          10000        2.35717        2.86845         0.3272
        13.2194          10000        2.25375        2.66273         0.3239
        14.1747          10000        2.21501         2.5184         0.3265
        15.1991          10000        2.23667        2.52729         0.3146
        16.2975          10000         2.2548        2.33207         0.3211
        17.4753          10000        2.21078        2.48878         0.3107
        18.7382          10000        2.24298        2.50327         0.3229
        20.0923          10000         2.2264        2.70379         0.3271
        21.5443          10000        2.25134        2.37839         0.3182
        23.1013          10000        2.20969        2.27763         0.3168
        24.7708          10000         2.2057        2.48187         0.3205
        26.5609          10000        2.20928        2.57693         0.3196
        28.4804          10000        2.21311        2.23795         0.3204
        30.5386          10000        2.20375        2.37891         0.3158
        32.7455          10000        2.21585        2.27173         0.3201
        35.1119          10000        2.20912        2.29435         0.3195
        37.6494          10000        2.20912        2.21663          0.323
        40.3702          10000        2.20197        2.21687         0.3195
        43.2876          10000        2.20033        2.24959         0.3096
        46.4159          10000        2.20735        2.23564         0.3155
        49.7702          10000         2.2057         2.2178         0.3102
         53.367          10000         2.2178        2.25465         0.3139
        57.2237          10000        2.19855        2.22385         0.3145
        61.3591          10000        2.20735        2.24907         0.3131
        65.7933          10000        2.20197        2.31048         0.3138
         70.548          10000        2.21311         2.2178         0.3042
        75.6463          10000         2.2057         2.2057         0.3138
        81.1131          10000        2.19855        2.25405         0.3032
        86.9749          10000         2.2075         2.2075         0.3155
        93.2603          10000        2.19855        2.23114         0.3183
            100          10000        2.19855        2.21478         0.3107
        107.227          10000        2.19855        2.20364         0.3082
        114.976          10000        2.20197        2.22981         0.3133
        123.285          10000        2.20392         2.2219         0.3074
        132.194          10000        2.20964        2.22447         0.3205
        141.747          10000        2.19855        2.19855         0.3042
        151.991          10000        2.19855        2.20375         0.3042
        162.975          10000        2.19855        2.20033         0.3084
        174.753          10000        2.19855        2.21421         0.3088
        187.382          10000        2.19855         2.2115         0.3119
        200.923          10000        2.19855        2.21506         0.3166
        215.443          10000        2.19855        2.21254         0.3047
        231.013          10000        2.19855        2.19855          0.304
        247.708          10000        2.19855        2.20364         0.3091
        265.609          10000        2.19855        2.21254         0.3135
        284.804          10000        2.19855        2.20706         0.3121
        305.386          10000        2.19855        2.19855         0.3108
        327.455          10000        2.19855        2.19855         0.3096
        351.119          10000        2.19855        2.19855         0.3082
        376.494          10000        2.19855        2.20364          0.306
        403.702          10000        2.19855        2.19855         0.3008
        432.876          10000        2.19855        2.19855         0.3066
        464.159          10000        2.19855        2.19855          0.311
        497.702          10000        2.19855        2.19855         0.3072
         533.67          10000        2.19855        2.19855         0.3051
        572.237          10000        2.19855        2.20033         0.3059
        613.591          10000        2.19855        2.20364         0.3028
        657.933          10000        2.19855        2.20197         0.3163
         705.48          10000        2.19855        2.19855         0.3064
        756.463          10000        2.19855        2.19855         0.3068
        811.131          10000        2.19855        2.20033         0.3045
        869.749          10000        2.19855        2.20033         0.3122
        932.603          10000        2.19855        2.19855         0.3134
           1000          10000        2.19855        2.19855         0.2976
